Analysis & Synthesis report for DE0_Top
Wed Dec 18 13:59:31 2013
Quartus II 64-Bit Version 11.0 Build 208 07/03/2011 Service Pack 1 SJ Full Version


---------------------
; Table of Contents ;
---------------------
  1. Legal Notice
  2. Analysis & Synthesis Summary
  3. Analysis & Synthesis Settings
  4. Parallel Compilation
  5. Analysis & Synthesis Messages



----------------
; Legal Notice ;
----------------
Copyright (C) 1991-2011 Altera Corporation
Your use of Altera Corporation's design tools, logic functions 
and other software and tools, and its AMPP partner logic 
functions, and any output files from any of the foregoing 
(including device programming or simulation files), and any 
associated documentation or information are expressly subject 
to the terms and conditions of the Altera Program License 
Subscription Agreement, Altera MegaCore Function License 
Agreement, or other applicable license agreement, including, 
without limitation, that your use is for the sole purpose of 
programming logic devices manufactured by Altera and sold by 
Altera or its authorized distributors.  Please refer to the 
applicable agreement for further details.



+-------------------------------------------------------------------------------------+
; Analysis & Synthesis Summary                                                        ;
+------------------------------------+------------------------------------------------+
; Analysis & Synthesis Status        ; Failed - Wed Dec 18 13:59:31 2013              ;
; Quartus II 64-Bit Version          ; 11.0 Build 208 07/03/2011 SP 1 SJ Full Version ;
; Revision Name                      ; DE0_Top                                        ;
; Top-level Entity Name              ; DE0_TOP                                        ;
; Family                             ; Cyclone III                                    ;
; Total logic elements               ; N/A until Partition Merge                      ;
;     Total combinational functions  ; N/A until Partition Merge                      ;
;     Dedicated logic registers      ; N/A until Partition Merge                      ;
; Total registers                    ; N/A until Partition Merge                      ;
; Total pins                         ; N/A until Partition Merge                      ;
; Total virtual pins                 ; N/A until Partition Merge                      ;
; Total memory bits                  ; N/A until Partition Merge                      ;
; Embedded Multiplier 9-bit elements ; N/A until Partition Merge                      ;
; Total PLLs                         ; N/A until Partition Merge                      ;
+------------------------------------+------------------------------------------------+


+----------------------------------------------------------------------------------------------------------------------+
; Analysis & Synthesis Settings                                                                                        ;
+----------------------------------------------------------------------------+--------------------+--------------------+
; Option                                                                     ; Setting            ; Default Value      ;
+----------------------------------------------------------------------------+--------------------+--------------------+
; Device                                                                     ; EP3C16F484C6       ;                    ;
; Top-level entity name                                                      ; DE0_TOP            ; DE0_Top            ;
; Family name                                                                ; Cyclone III        ; Cyclone IV GX      ;
; Use smart compilation                                                      ; Off                ; Off                ;
; Enable parallel Assembler and TimeQuest Timing Analyzer during compilation ; On                 ; On                 ;
; Enable compact report table                                                ; Off                ; Off                ;
; Restructure Multiplexers                                                   ; Auto               ; Auto               ;
; Create Debugging Nodes for IP Cores                                        ; Off                ; Off                ;
; Preserve fewer node names                                                  ; On                 ; On                 ;
; Disable OpenCore Plus hardware evaluation                                  ; Off                ; Off                ;
; Verilog Version                                                            ; Verilog_2001       ; Verilog_2001       ;
; VHDL Version                                                               ; VHDL_1993          ; VHDL_1993          ;
; State Machine Processing                                                   ; Auto               ; Auto               ;
; Safe State Machine                                                         ; Off                ; Off                ;
; Extract Verilog State Machines                                             ; On                 ; On                 ;
; Extract VHDL State Machines                                                ; On                 ; On                 ;
; Ignore Verilog initial constructs                                          ; Off                ; Off                ;
; Iteration limit for constant Verilog loops                                 ; 5000               ; 5000               ;
; Iteration limit for non-constant Verilog loops                             ; 250                ; 250                ;
; Add Pass-Through Logic to Inferred RAMs                                    ; On                 ; On                 ;
; Parallel Synthesis                                                         ; On                 ; On                 ;
; DSP Block Balancing                                                        ; Auto               ; Auto               ;
; NOT Gate Push-Back                                                         ; On                 ; On                 ;
; Power-Up Don't Care                                                        ; On                 ; On                 ;
; Remove Redundant Logic Cells                                               ; Off                ; Off                ;
; Remove Duplicate Registers                                                 ; On                 ; On                 ;
; Ignore CARRY Buffers                                                       ; Off                ; Off                ;
; Ignore CASCADE Buffers                                                     ; Off                ; Off                ;
; Ignore GLOBAL Buffers                                                      ; Off                ; Off                ;
; Ignore ROW GLOBAL Buffers                                                  ; Off                ; Off                ;
; Ignore LCELL Buffers                                                       ; Off                ; Off                ;
; Ignore SOFT Buffers                                                        ; On                 ; On                 ;
; Limit AHDL Integers to 32 Bits                                             ; Off                ; Off                ;
; Optimization Technique                                                     ; Balanced           ; Balanced           ;
; Carry Chain Length                                                         ; 70                 ; 70                 ;
; Auto Carry Chains                                                          ; On                 ; On                 ;
; Auto Open-Drain Pins                                                       ; On                 ; On                 ;
; Perform WYSIWYG Primitive Resynthesis                                      ; Off                ; Off                ;
; Auto ROM Replacement                                                       ; On                 ; On                 ;
; Auto RAM Replacement                                                       ; On                 ; On                 ;
; Auto DSP Block Replacement                                                 ; On                 ; On                 ;
; Auto Shift Register Replacement                                            ; Auto               ; Auto               ;
; Allow Shift Register Merging across Hierarchies                            ; Auto               ; Auto               ;
; Auto Clock Enable Replacement                                              ; On                 ; On                 ;
; Strict RAM Replacement                                                     ; Off                ; Off                ;
; Allow Synchronous Control Signals                                          ; On                 ; On                 ;
; Force Use of Synchronous Clear Signals                                     ; Off                ; Off                ;
; Auto RAM Block Balancing                                                   ; On                 ; On                 ;
; Auto RAM to Logic Cell Conversion                                          ; Off                ; Off                ;
; Auto Resource Sharing                                                      ; Off                ; Off                ;
; Allow Any RAM Size For Recognition                                         ; Off                ; Off                ;
; Allow Any ROM Size For Recognition                                         ; Off                ; Off                ;
; Allow Any Shift Register Size For Recognition                              ; Off                ; Off                ;
; Use LogicLock Constraints during Resource Balancing                        ; On                 ; On                 ;
; Ignore translate_off and synthesis_off directives                          ; Off                ; Off                ;
; Timing-Driven Synthesis                                                    ; On                 ; On                 ;
; Report Parameter Settings                                                  ; On                 ; On                 ;
; Report Source Assignments                                                  ; On                 ; On                 ;
; Report Connectivity Checks                                                 ; On                 ; On                 ;
; Ignore Maximum Fan-Out Assignments                                         ; Off                ; Off                ;
; Synchronization Register Chain Length                                      ; 2                  ; 2                  ;
; PowerPlay Power Optimization                                               ; Normal compilation ; Normal compilation ;
; HDL message level                                                          ; Level2             ; Level2             ;
; Suppress Register Optimization Related Messages                            ; Off                ; Off                ;
; Number of Removed Registers Reported in Synthesis Report                   ; 5000               ; 5000               ;
; Number of Inverted Registers Reported in Synthesis Report                  ; 100                ; 100                ;
; Clock MUX Protection                                                       ; On                 ; On                 ;
; Auto Gated Clock Conversion                                                ; Off                ; Off                ;
; Block Design Naming                                                        ; Auto               ; Auto               ;
; SDC constraint protection                                                  ; Off                ; Off                ;
; Synthesis Effort                                                           ; Auto               ; Auto               ;
; Shift Register Replacement - Allow Asynchronous Clear Signal               ; On                 ; On                 ;
; Analysis & Synthesis Message Level                                         ; Medium             ; Medium             ;
; Disable Register Merging Across Hierarchies                                ; Auto               ; Auto               ;
; Resource Aware Inference For Block RAM                                     ; On                 ; On                 ;
; Synthesis Seed                                                             ; 1                  ; 1                  ;
+----------------------------------------------------------------------------+--------------------+--------------------+


+------------------------------------------+
; Parallel Compilation                     ;
+----------------------------+-------------+
; Processors                 ; Number      ;
+----------------------------+-------------+
; Number detected on machine ; 2           ;
; Maximum allowed            ; 2           ;
;                            ;             ;
; Average used               ; 1.00        ;
; Maximum used               ; 1           ;
;                            ;             ;
; Usage by Processor         ; % Time Used ;
;     1 processor            ; 100.0%      ;
;     2 processors           ;   0.0%      ;
+----------------------------+-------------+


+-------------------------------+
; Analysis & Synthesis Messages ;
+-------------------------------+
Info: *******************************************************************
Info: Running Quartus II 64-Bit Analysis & Synthesis
    Info: Version 11.0 Build 208 07/03/2011 Service Pack 1 SJ Full Version
    Info: Processing started: Wed Dec 18 13:59:29 2013
Info: Command: quartus_map --read_settings_files=on --write_settings_files=off DE0_Top -c DE0_Top
Info: Parallel compilation is enabled and will use 2 of the 2 processors detected
Info: Found 2 design units, including 1 entities, in source file de0_top.vhd
    Info: Found design unit 1: DE0_TOP-ARCHI
    Info: Found entity 1: DE0_TOP
Info: Found 2 design units, including 1 entities, in source file datapath.vhd
    Info: Found design unit 1: DataPath-archi
    Info: Found entity 1: DataPath
Info: Found 2 design units, including 1 entities, in source file arm.vhd
    Info: Found design unit 1: arm-arc_arm
    Info: Found entity 1: arm
Info: Elaborating entity "DE0_TOP" for the top level hierarchy
Info: Elaborating entity "arm" for hierarchy "arm:arm_1"
Info: Elaborating entity "DataPath" for hierarchy "arm:arm_1|DataPath:DataPath1"
Error: Node instance "MAE1" instantiates undefined entity "MAE" File: E:/E2i-3/ARSY/TP_ARSY_Multicycles/source/arm.vhd Line: 144
Error: Node instance "VIC0" instantiates undefined entity "VIC" File: E:/E2i-3/ARSY/TP_ARSY_Multicycles/source/DataPath.vhd Line: 232
Error: Node instance "MuxPC" instantiates undefined entity "mux4v1" File: E:/E2i-3/ARSY/TP_ARSY_Multicycles/source/DataPath.vhd Line: 242
Error: Node instance "RegPC" instantiates undefined entity "RegLd" File: E:/E2i-3/ARSY/TP_ARSY_Multicycles/source/DataPath.vhd Line: 251
Error: Node instance "LR0" instantiates undefined entity "RegLd" File: E:/E2i-3/ARSY/TP_ARSY_Multicycles/source/DataPath.vhd Line: 259
Error: Node instance "MuxMem" instantiates undefined entity "mux2v1" File: E:/E2i-3/ARSY/TP_ARSY_Multicycles/source/DataPath.vhd Line: 266
Error: Node instance "Memoire" instantiates undefined entity "intern_memory" File: E:/E2i-3/ARSY/TP_ARSY_Multicycles/source/DataPath.vhd Line: 273
Error: Node instance "RegistreInstr" instantiates undefined entity "RegLd" File: E:/E2i-3/ARSY/TP_ARSY_Multicycles/source/DataPath.vhd Line: 283
Error: Node instance "RegistreData" instantiates undefined entity "Reg" File: E:/E2i-3/ARSY/TP_ARSY_Multicycles/source/DataPath.vhd Line: 291
Error: Node instance "MuxW0" instantiates undefined entity "mux2v1" File: E:/E2i-3/ARSY/TP_ARSY_Multicycles/source/DataPath.vhd Line: 298
Error: Node instance "MuxRB0" instantiates undefined entity "mux2v1" File: E:/E2i-3/ARSY/TP_ARSY_Multicycles/source/DataPath.vhd Line: 308
Error: Node instance "BancReg" instantiates undefined entity "RegBank" File: E:/E2i-3/ARSY/TP_ARSY_Multicycles/source/DataPath.vhd Line: 315
Error: Node instance "RegA0" instantiates undefined entity "Reg" File: E:/E2i-3/ARSY/TP_ARSY_Multicycles/source/DataPath.vhd Line: 326
Error: Node instance "RegB0" instantiates undefined entity "Reg" File: E:/E2i-3/ARSY/TP_ARSY_Multicycles/source/DataPath.vhd Line: 333
Error: Node instance "Ext8_32" instantiates undefined entity "ext32" File: E:/E2i-3/ARSY/TP_ARSY_Multicycles/source/DataPath.vhd Line: 340
Error: Node instance "Ext24_32" instantiates undefined entity "ext32" File: E:/E2i-3/ARSY/TP_ARSY_Multicycles/source/DataPath.vhd Line: 345
Error: Node instance "MuxAluA" instantiates undefined entity "mux2v1" File: E:/E2i-3/ARSY/TP_ARSY_Multicycles/source/DataPath.vhd Line: 350
Error: Node instance "MuxAluB" instantiates undefined entity "mux4v1" File: E:/E2i-3/ARSY/TP_ARSY_Multicycles/source/DataPath.vhd Line: 360
Error: Node instance "ALU0" instantiates undefined entity "ALU" File: E:/E2i-3/ARSY/TP_ARSY_Multicycles/source/DataPath.vhd Line: 369
Error: Node instance "RegALU0" instantiates undefined entity "Reg" File: E:/E2i-3/ARSY/TP_ARSY_Multicycles/source/DataPath.vhd Line: 377
Error: Node instance "cpsrmux" instantiates undefined entity "mux2v1" File: E:/E2i-3/ARSY/TP_ARSY_Multicycles/source/DataPath.vhd Line: 386
Error: Node instance "CPSR0" instantiates undefined entity "RegLd" File: E:/E2i-3/ARSY/TP_ARSY_Multicycles/source/DataPath.vhd Line: 393
Error: Node instance "SPSR0" instantiates undefined entity "RegLd" File: E:/E2i-3/ARSY/TP_ARSY_Multicycles/source/DataPath.vhd Line: 401
Error: Node instance "RegRes" instantiates undefined entity "RegLd" File: E:/E2i-3/ARSY/TP_ARSY_Multicycles/source/DataPath.vhd Line: 409
Error: Quartus II 64-Bit Analysis & Synthesis was unsuccessful. 24 errors, 0 warnings
    Error: Peak virtual memory: 368 megabytes
    Error: Processing ended: Wed Dec 18 13:59:33 2013
    Error: Elapsed time: 00:00:04
    Error: Total CPU time (on all processors): 00:00:02


